2026-03-11 02:00:17.217 -03:00 [INF] Request starting HTTP/2 OPTIONS https://localhost:54902/api/v1/obras/dashboard - null null
2026-03-11 02:00:17.217 -03:00 [INF] Request starting HTTP/2 OPTIONS https://localhost:54902/api/v1/obras?page=1&pageSize=20 - null null
2026-03-11 02:00:17.339 -03:00 [INF] CORS policy execution successful.
2026-03-11 02:00:17.339 -03:00 [INF] CORS policy execution successful.
2026-03-11 02:00:17.343 -03:00 [INF] HTTP OPTIONS /api/v1/obras responded 204 in 15.8293 ms
2026-03-11 02:00:17.344 -03:00 [INF] HTTP OPTIONS /api/v1/obras/dashboard responded 204 in 17.7177 ms
2026-03-11 02:00:17.360 -03:00 [INF] Request starting HTTP/2 GET https://localhost:54902/api/v1/obras?page=1&pageSize=20 - null null
2026-03-11 02:00:17.362 -03:00 [INF] Request starting HTTP/2 GET https://localhost:54902/api/v1/obras/dashboard - null null
2026-03-11 02:00:17.357 -03:00 [INF] Request finished HTTP/2 OPTIONS https://localhost:54902/api/v1/obras?page=1&pageSize=20 - 204 null null 147.6423ms
2026-03-11 02:00:17.359 -03:00 [INF] Request finished HTTP/2 OPTIONS https://localhost:54902/api/v1/obras/dashboard - 204 null null 150.5755ms
2026-03-11 02:00:17.377 -03:00 [INF] CORS policy execution successful.
2026-03-11 02:00:17.380 -03:00 [INF] CORS policy execution successful.
2026-03-11 02:00:17.423 -03:00 [INF] Failed to validate the token.
Microsoft.IdentityModel.Tokens.SecurityTokenExpiredException: IDX10223: Lifetime validation failed. The token is expired. ValidTo (UTC): '09/03/2026 19:01:37', Current time (UTC): '11/03/2026 05:00:17'.
   at Microsoft.IdentityModel.Tokens.ValidatorUtilities.ValidateLifetime(Nullable`1 notBefore, Nullable`1 expires, SecurityToken securityToken, TokenValidationParameters validationParameters)
   at Microsoft.IdentityModel.JsonWebTokens.JsonWebTokenHandler.ValidateTokenPayloadAsync(JsonWebToken jsonWebToken, TokenValidationParameters validationParameters, BaseConfiguration configuration)
   at Microsoft.IdentityModel.JsonWebTokens.JsonWebTokenHandler.ValidateJWSAsync(JsonWebToken jsonWebToken, TokenValidationParameters validationParameters, BaseConfiguration configuration)
2026-03-11 02:00:17.423 -03:00 [INF] Failed to validate the token.
Microsoft.IdentityModel.Tokens.SecurityTokenExpiredException: IDX10223: Lifetime validation failed. The token is expired. ValidTo (UTC): '09/03/2026 19:01:37', Current time (UTC): '11/03/2026 05:00:17'.
   at Microsoft.IdentityModel.Tokens.ValidatorUtilities.ValidateLifetime(Nullable`1 notBefore, Nullable`1 expires, SecurityToken securityToken, TokenValidationParameters validationParameters)
   at Microsoft.IdentityModel.JsonWebTokens.JsonWebTokenHandler.ValidateTokenPayloadAsync(JsonWebToken jsonWebToken, TokenValidationParameters validationParameters, BaseConfiguration configuration)
   at Microsoft.IdentityModel.JsonWebTokens.JsonWebTokenHandler.ValidateJWSAsync(JsonWebToken jsonWebToken, TokenValidationParameters validationParameters, BaseConfiguration configuration)
2026-03-11 02:00:17.450 -03:00 [INF] Bearer was not authenticated. Failure message: IDX10223: Lifetime validation failed. The token is expired. ValidTo (UTC): '09/03/2026 19:01:37', Current time (UTC): '11/03/2026 05:00:17'.
2026-03-11 02:00:17.448 -03:00 [INF] Bearer was not authenticated. Failure message: IDX10223: Lifetime validation failed. The token is expired. ValidTo (UTC): '09/03/2026 19:01:37', Current time (UTC): '11/03/2026 05:00:17'.
2026-03-11 02:00:17.471 -03:00 [INF] Authorization failed. These requirements were not met:
DenyAnonymousAuthorizationRequirement: Requires an authenticated user.
2026-03-11 02:00:17.471 -03:00 [INF] Authorization failed. These requirements were not met:
DenyAnonymousAuthorizationRequirement: Requires an authenticated user.
2026-03-11 02:00:17.493 -03:00 [INF] AuthenticationScheme: Bearer was challenged.
2026-03-11 02:00:17.493 -03:00 [INF] AuthenticationScheme: Bearer was challenged.
2026-03-11 02:00:17.497 -03:00 [INF] HTTP GET /api/v1/obras responded 401 in 121.8440 ms
2026-03-11 02:00:17.503 -03:00 [INF] HTTP GET /api/v1/obras/dashboard responded 401 in 122.8222 ms
2026-03-11 02:00:17.512 -03:00 [INF] Request finished HTTP/2 GET https://localhost:54902/api/v1/obras/dashboard - 401 0 null 150.2527ms
2026-03-11 02:00:17.506 -03:00 [INF] Request finished HTTP/2 GET https://localhost:54902/api/v1/obras?page=1&pageSize=20 - 401 0 null 146.3236ms
2026-03-11 02:00:18.154 -03:00 [INF] Request starting HTTP/2 OPTIONS https://localhost:54902/api/v1/auth/refresh - null null
2026-03-11 02:00:18.179 -03:00 [INF] CORS policy execution successful.
2026-03-11 02:00:18.193 -03:00 [INF] HTTP OPTIONS /api/v1/auth/refresh responded 204 in 14.3401 ms
2026-03-11 02:00:18.212 -03:00 [INF] Request starting HTTP/2 POST https://localhost:54902/api/v1/auth/refresh - application/json 107
2026-03-11 02:00:18.209 -03:00 [INF] Request finished HTTP/2 OPTIONS https://localhost:54902/api/v1/auth/refresh - 204 null null 54.3881ms
2026-03-11 02:00:18.239 -03:00 [INF] CORS policy execution successful.
2026-03-11 02:00:18.282 -03:00 [INF] Failed to validate the token.
Microsoft.IdentityModel.Tokens.SecurityTokenExpiredException: IDX10223: Lifetime validation failed. The token is expired. ValidTo (UTC): '09/03/2026 19:01:37', Current time (UTC): '11/03/2026 05:00:18'.
   at Microsoft.IdentityModel.Tokens.ValidatorUtilities.ValidateLifetime(Nullable`1 notBefore, Nullable`1 expires, SecurityToken securityToken, TokenValidationParameters validationParameters)
   at Microsoft.IdentityModel.JsonWebTokens.JsonWebTokenHandler.ValidateTokenPayloadAsync(JsonWebToken jsonWebToken, TokenValidationParameters validationParameters, BaseConfiguration configuration)
   at Microsoft.IdentityModel.JsonWebTokens.JsonWebTokenHandler.ValidateJWSAsync(JsonWebToken jsonWebToken, TokenValidationParameters validationParameters, BaseConfiguration configuration)
2026-03-11 02:00:18.303 -03:00 [INF] Bearer was not authenticated. Failure message: IDX10223: Lifetime validation failed. The token is expired. ValidTo (UTC): '09/03/2026 19:01:37', Current time (UTC): '11/03/2026 05:00:18'.
2026-03-11 02:00:18.314 -03:00 [INF] Executing endpoint 'Constriva.API.Controllers.AuthController.Refresh (Constriva.API)'
2026-03-11 02:00:18.324 -03:00 [INF] Route matched with {action = "Refresh", controller = "Auth"}. Executing controller action with signature System.Threading.Tasks.Task`1[Microsoft.AspNetCore.Mvc.ActionResult`1[Constriva.Application.Features.Auth.DTOs.AuthResponseDto]] Refresh(Constriva.Application.Features.Auth.Commands.RefreshTokenCommand, System.Threading.CancellationToken) on controller Constriva.API.Controllers.AuthController (Constriva.API).
2026-03-11 02:00:18.397 -03:00 [INF] Handling RefreshTokenCommand
2026-03-11 02:00:18.575 -03:00 [INF] Executed DbCommand (90ms) [Parameters=[@__refreshToken_0='?'], CommandType='"Text"', CommandTimeout='30']
SELECT u."Id", u."Ativo", u."AvatarUrl", u."BloqueadoAte", u."Cargo", u."CreatedAt", u."CreatedBy", u."DeletedAt", u."DeletedBy", u."Email", u."EmailConfirmado", u."EmpresaId", u."Idioma", u."IsAdminEmpresa", u."IsDeleted", u."IsSuperAdmin", u."Nome", u."PasswordHash", u."Perfil", u."RefreshToken", u."RefreshTokenExpiry", u."Telefone", u."TentativasLogin", u."TimeZone", u."TokenConfirmacaoEmail", u."TokenRedefinicaoExpiry", u."TokenRedefinicaoSenha", u."UltimoAcesso", u."UpdatedAt", u."UpdatedBy"
FROM "Usuarios" AS u
WHERE NOT (u."IsDeleted") AND u."RefreshToken" = @__refreshToken_0
LIMIT 1
2026-03-11 02:00:18.629 -03:00 [INF] Executed DbCommand (6ms) [Parameters=[@__usuarioId_0='?' (DbType = Guid)], CommandType='"Text"', CommandTimeout='30']
SELECT u."Id", u."CreatedAt", u."CreatedBy", u."DeletedAt", u."DeletedBy", u."EmpresaId", u."IsDeleted", u."Modulo", u."PodeAdministrar", u."PodeAprovar", u."PodeCriar", u."PodeDeletar", u."PodeEditar", u."PodeExportar", u."PodeVisualizar", u."UpdatedAt", u."UpdatedBy", u."UsuarioId"
FROM "UsuarioPermissoes" AS u
WHERE NOT (u."IsDeleted") AND u."UsuarioId" = @__usuarioId_0
2026-03-11 02:00:18.651 -03:00 [INF] Executed DbCommand (8ms) [Parameters=[@__id_0='?' (DbType = Guid)], CommandType='"Text"', CommandTimeout='30']
SELECT e."Id", e."Bairro", e."Cep", e."Cidade", e."Cnpj", e."Complemento", e."ConfiguracoesJson", e."CreatedAt", e."CreatedBy", e."DataVencimento", e."DeletedAt", e."DeletedBy", e."Email", e."Estado", e."InscricaoEstadual", e."InscricaoMunicipal", e."IsDeleted", e."LogoUrl", e."Logradouro", e."MaxObras", e."MaxStorageMb", e."MaxUsuarios", e."ModuloClientes", e."ModuloCompras", e."ModuloContratos", e."ModuloCronograma", e."ModuloEstoque", e."ModuloFinanceiro", e."ModuloGED", e."ModuloObras", e."ModuloOrcamento", e."ModuloQualidade", e."ModuloRH", e."ModuloRelatorios", e."ModuloSST", e."NomeFantasia", e."Numero", e."Plano", e."PrimeiroAcesso", e."RazaoSocial", e."Site", e."Status", e."Telefone", e."UpdatedAt", e."UpdatedBy"
FROM "Empresas" AS e
WHERE NOT (e."IsDeleted") AND e."Id" = @__id_0
LIMIT 1
2026-03-11 02:00:18.738 -03:00 [INF] Executed DbCommand (24ms) [Parameters=[@p29='?' (DbType = Guid), @p0='?' (DbType = Boolean), @p1='?', @p2='?' (DbType = DateTime), @p3='?', @p4='?' (DbType = DateTime), @p5='?' (DbType = Guid), @p6='?' (DbType = DateTime), @p7='?' (DbType = Guid), @p8='?', @p9='?' (DbType = Boolean), @p10='?' (DbType = Guid), @p11='?', @p12='?' (DbType = Boolean), @p13='?' (DbType = Boolean), @p14='?' (DbType = Boolean), @p15='?', @p16='?', @p17='?' (DbType = Int32), @p18='?', @p19='?' (DbType = DateTime), @p20='?', @p21='?' (DbType = Int32), @p22='?', @p23='?', @p24='?' (DbType = DateTime), @p25='?', @p26='?' (DbType = DateTime), @p27='?' (DbType = DateTime), @p28='?' (DbType = Guid)], CommandType='"Text"', CommandTimeout='30']
UPDATE "Usuarios" SET "Ativo" = @p0, "AvatarUrl" = @p1, "BloqueadoAte" = @p2, "Cargo" = @p3, "CreatedAt" = @p4, "CreatedBy" = @p5, "DeletedAt" = @p6, "DeletedBy" = @p7, "Email" = @p8, "EmailConfirmado" = @p9, "EmpresaId" = @p10, "Idioma" = @p11, "IsAdminEmpresa" = @p12, "IsDeleted" = @p13, "IsSuperAdmin" = @p14, "Nome" = @p15, "PasswordHash" = @p16, "Perfil" = @p17, "RefreshToken" = @p18, "RefreshTokenExpiry" = @p19, "Telefone" = @p20, "TentativasLogin" = @p21, "TimeZone" = @p22, "TokenConfirmacaoEmail" = @p23, "TokenRedefinicaoExpiry" = @p24, "TokenRedefinicaoSenha" = @p25, "UltimoAcesso" = @p26, "UpdatedAt" = @p27, "UpdatedBy" = @p28
WHERE "Id" = @p29;
2026-03-11 02:00:18.754 -03:00 [INF] Executing OkObjectResult, writing value of type 'Constriva.Application.Features.Auth.DTOs.AuthResponseDto'.
2026-03-11 02:00:18.762 -03:00 [INF] Executed action Constriva.API.Controllers.AuthController.Refresh (Constriva.API) in 426.9737ms
2026-03-11 02:00:18.770 -03:00 [INF] Executed endpoint 'Constriva.API.Controllers.AuthController.Refresh (Constriva.API)'
2026-03-11 02:00:18.778 -03:00 [INF] HTTP POST /api/v1/auth/refresh responded 200 in 539.1740 ms
2026-03-11 02:00:18.785 -03:00 [INF] Request finished HTTP/2 POST https://localhost:54902/api/v1/auth/refresh - 200 null application/json; charset=utf-8 572.6902ms
2026-03-11 02:00:18.805 -03:00 [INF] Request starting HTTP/2 OPTIONS https://localhost:54902/api/v1/obras/dashboard - null null
2026-03-11 02:00:18.816 -03:00 [INF] CORS policy execution successful.
2026-03-11 02:00:18.819 -03:00 [INF] HTTP OPTIONS /api/v1/obras/dashboard responded 204 in 3.5576 ms
2026-03-11 02:00:18.829 -03:00 [INF] Request starting HTTP/2 GET https://localhost:54902/api/v1/obras/dashboard - null null
2026-03-11 02:00:18.827 -03:00 [INF] Request finished HTTP/2 OPTIONS https://localhost:54902/api/v1/obras/dashboard - 204 null null 22.1051ms
2026-03-11 02:00:18.846 -03:00 [INF] CORS policy execution successful.
2026-03-11 02:00:18.839 -03:00 [INF] Request starting HTTP/2 OPTIONS https://localhost:54902/api/v1/obras?page=1&pageSize=20 - null null
2026-03-11 02:00:18.861 -03:00 [INF] CORS policy execution successful.
2026-03-11 02:00:18.858 -03:00 [INF] Executing endpoint 'Constriva.API.Controllers.ObrasController.Dashboard (Constriva.API)'
2026-03-11 02:00:18.865 -03:00 [INF] HTTP OPTIONS /api/v1/obras responded 204 in 4.0315 ms
2026-03-11 02:00:18.868 -03:00 [INF] Route matched with {action = "Dashboard", controller = "Obras"}. Executing controller action with signature System.Threading.Tasks.Task`1[Microsoft.AspNetCore.Mvc.ActionResult`1[Constriva.Application.Features.Obras.DTOs.ObrasDashboardDto]] Dashboard(System.Threading.CancellationToken) on controller Constriva.API.Controllers.ObrasController (Constriva.API).
2026-03-11 02:00:18.880 -03:00 [INF] Handling GetObrasDashboardQuery
2026-03-11 02:00:18.878 -03:00 [INF] Request starting HTTP/2 GET https://localhost:54902/api/v1/obras?page=1&pageSize=20 - null null
2026-03-11 02:00:18.875 -03:00 [INF] Request finished HTTP/2 OPTIONS https://localhost:54902/api/v1/obras?page=1&pageSize=20 - 204 null null 36.2709ms
2026-03-11 02:00:18.896 -03:00 [INF] CORS policy execution successful.
2026-03-11 02:00:18.903 -03:00 [INF] Executed DbCommand (3ms) [Parameters=[@__empresaId_0='?' (DbType = Guid)], CommandType='"Text"', CommandTimeout='30']
SELECT o."Id", o."AreaConstruida", o."AreaTotal", o."Bairro", o."Cep", o."Cidade", o."ClienteId", o."Codigo", o."Complemento", o."CreaResponsavel", o."CreatedAt", o."CreatedBy", o."DataFimPrevista", o."DataFimReal", o."DataInicioPrevista", o."DataInicioReal", o."DeletedAt", o."DeletedBy", o."Descricao", o."EmpresaId", o."Estado", o."FotoUrl", o."IsDeleted", o."Latitude", o."Logradouro", o."Longitude", o."Nome", o."NomeCliente", o."Numero", o."NumeroART", o."NumeroAlvara", o."NumeroAndares", o."NumeroRRT", o."NumeroUnidades", o."Observacoes", o."PercentualConcluido", o."ResponsavelTecnico", o."Status", o."Tipo", o."TipoContrato", o."UpdatedAt", o."UpdatedBy", o."ValidadeAlvara", o."ValorContrato", o."ValorOrcado", o."ValorRealizado"
FROM "Obras" AS o
WHERE NOT (o."IsDeleted") AND o."EmpresaId" = @__empresaId_0
2026-03-11 02:00:18.909 -03:00 [INF] Executing endpoint 'Constriva.API.Controllers.ObrasController.GetAll (Constriva.API)'
2026-03-11 02:00:18.919 -03:00 [INF] Executing OkObjectResult, writing value of type 'Constriva.Application.Features.Obras.DTOs.ObrasDashboardDto'.
2026-03-11 02:00:18.918 -03:00 [INF] Route matched with {action = "GetAll", controller = "Obras"}. Executing controller action with signature System.Threading.Tasks.Task`1[Microsoft.AspNetCore.Mvc.ActionResult`1[Constriva.Application.Common.Interfaces.PaginatedResult`1[Constriva.Application.Features.Obras.DTOs.ObraResumoDto]]] GetAll(Int32, Int32, System.String, System.Nullable`1[Constriva.Domain.Enums.StatusObraEnum], System.Nullable`1[Constriva.Domain.Enums.TipoObraEnum], System.Threading.CancellationToken) on controller Constriva.API.Controllers.ObrasController (Constriva.API).
2026-03-11 02:00:18.928 -03:00 [INF] Executed action Constriva.API.Controllers.ObrasController.Dashboard (Constriva.API) in 49.6884ms
2026-03-11 02:00:18.930 -03:00 [INF] Handling GetObrasQuery
2026-03-11 02:00:18.936 -03:00 [INF] Executed endpoint 'Constriva.API.Controllers.ObrasController.Dashboard (Constriva.API)'
2026-03-11 02:00:18.943 -03:00 [INF] HTTP GET /api/v1/obras/dashboard responded 200 in 97.2274 ms
2026-03-11 02:00:18.945 -03:00 [INF] Executed DbCommand (5ms) [Parameters=[@__empresaId_0='?' (DbType = Guid)], CommandType='"Text"', CommandTimeout='30']
SELECT count(*)::int
FROM "Obras" AS o
WHERE NOT (o."IsDeleted") AND o."EmpresaId" = @__empresaId_0 AND NOT (o."IsDeleted")
2026-03-11 02:00:18.953 -03:00 [INF] Request finished HTTP/2 GET https://localhost:54902/api/v1/obras/dashboard - 200 null application/json; charset=utf-8 124.4282ms
2026-03-11 02:00:18.975 -03:00 [INF] Executed DbCommand (17ms) [Parameters=[@__empresaId_0='?' (DbType = Guid), @__p_2='?' (DbType = Int32), @__p_1='?' (DbType = Int32)], CommandType='"Text"', CommandTimeout='30']
SELECT o."Id", o."AreaConstruida", o."AreaTotal", o."Bairro", o."Cep", o."Cidade", o."ClienteId", o."Codigo", o."Complemento", o."CreaResponsavel", o."CreatedAt", o."CreatedBy", o."DataFimPrevista", o."DataFimReal", o."DataInicioPrevista", o."DataInicioReal", o."DeletedAt", o."DeletedBy", o."Descricao", o."EmpresaId", o."Estado", o."FotoUrl", o."IsDeleted", o."Latitude", o."Logradouro", o."Longitude", o."Nome", o."NomeCliente", o."Numero", o."NumeroART", o."NumeroAlvara", o."NumeroAndares", o."NumeroRRT", o."NumeroUnidades", o."Observacoes", o."PercentualConcluido", o."ResponsavelTecnico", o."Status", o."Tipo", o."TipoContrato", o."UpdatedAt", o."UpdatedBy", o."ValidadeAlvara", o."ValorContrato", o."ValorOrcado", o."ValorRealizado"
FROM "Obras" AS o
WHERE NOT (o."IsDeleted") AND o."EmpresaId" = @__empresaId_0 AND NOT (o."IsDeleted")
ORDER BY o."CreatedAt" DESC
LIMIT @__p_2 OFFSET @__p_1
2026-03-11 02:00:18.986 -03:00 [INF] Executing OkObjectResult, writing value of type 'Constriva.Application.Common.Interfaces.PaginatedResult`1[[Constriva.Application.Features.Obras.DTOs.ObraResumoDto, Constriva.Application, Version=1.0.0.0, Culture=neutral, PublicKeyToken=null]]'.
2026-03-11 02:00:18.991 -03:00 [INF] Executed action Constriva.API.Controllers.ObrasController.GetAll (Constriva.API) in 62.9453ms
2026-03-11 02:00:18.998 -03:00 [INF] Executed endpoint 'Constriva.API.Controllers.ObrasController.GetAll (Constriva.API)'
2026-03-11 02:00:19.002 -03:00 [INF] HTTP GET /api/v1/obras responded 200 in 105.6038 ms
2026-03-11 02:00:19.008 -03:00 [INF] Request finished HTTP/2 GET https://localhost:54902/api/v1/obras?page=1&pageSize=20 - 200 null application/json; charset=utf-8 130.8159ms
