2026-03-18 08:43:00.136 -03:00 [INF] Request starting HTTP/2 OPTIONS https://localhost:54902/api/v1/obras?page=1&pageSize=20 - null null
2026-03-18 08:43:00.136 -03:00 [INF] Request starting HTTP/2 OPTIONS https://localhost:54902/api/v1/obras/dashboard - null null
2026-03-18 08:43:00.288 -03:00 [INF] CORS policy execution successful.
2026-03-18 08:43:00.288 -03:00 [INF] CORS policy execution successful.
2026-03-18 08:43:00.293 -03:00 [INF] HTTP OPTIONS /api/v1/obras/dashboard responded 204 in 38.1493 ms
2026-03-18 08:43:00.293 -03:00 [INF] HTTP OPTIONS /api/v1/obras responded 204 in 38.7641 ms
2026-03-18 08:43:00.304 -03:00 [INF] Request finished HTTP/2 OPTIONS https://localhost:54902/api/v1/obras/dashboard - 204 null null 175.2376ms
2026-03-18 08:43:00.309 -03:00 [INF] Request finished HTTP/2 OPTIONS https://localhost:54902/api/v1/obras?page=1&pageSize=20 - 204 null null 181.271ms
2026-03-18 08:43:00.307 -03:00 [INF] Request starting HTTP/2 GET https://localhost:54902/api/v1/obras/dashboard - null null
2026-03-18 08:43:00.326 -03:00 [INF] Request starting HTTP/2 GET https://localhost:54902/api/v1/obras?page=1&pageSize=20 - null null
2026-03-18 08:43:00.341 -03:00 [INF] CORS policy execution successful.
2026-03-18 08:43:00.350 -03:00 [INF] CORS policy execution successful.
2026-03-18 08:43:00.378 -03:00 [INF] Failed to validate the token.
Microsoft.IdentityModel.Tokens.SecurityTokenExpiredException: IDX10223: Lifetime validation failed. The token is expired. ValidTo (UTC): '17/03/2026 07:07:20', Current time (UTC): '18/03/2026 11:43:00'.
   at Microsoft.IdentityModel.Tokens.ValidatorUtilities.ValidateLifetime(Nullable`1 notBefore, Nullable`1 expires, SecurityToken securityToken, TokenValidationParameters validationParameters)
   at Microsoft.IdentityModel.Tokens.Validators.ValidateLifetime(Nullable`1 notBefore, Nullable`1 expires, SecurityToken securityToken, TokenValidationParameters validationParameters)
   at Microsoft.IdentityModel.JsonWebTokens.JsonWebTokenHandler.ValidateTokenPayloadAsync(JsonWebToken jsonWebToken, TokenValidationParameters validationParameters, BaseConfiguration configuration)
   at Microsoft.IdentityModel.JsonWebTokens.JsonWebTokenHandler.ValidateJWSAsync(JsonWebToken jsonWebToken, TokenValidationParameters validationParameters, BaseConfiguration configuration)
2026-03-18 08:43:00.378 -03:00 [INF] Failed to validate the token.
Microsoft.IdentityModel.Tokens.SecurityTokenExpiredException: IDX10223: Lifetime validation failed. The token is expired. ValidTo (UTC): '17/03/2026 07:07:20', Current time (UTC): '18/03/2026 11:43:00'.
   at Microsoft.IdentityModel.Tokens.ValidatorUtilities.ValidateLifetime(Nullable`1 notBefore, Nullable`1 expires, SecurityToken securityToken, TokenValidationParameters validationParameters)
   at Microsoft.IdentityModel.Tokens.Validators.ValidateLifetime(Nullable`1 notBefore, Nullable`1 expires, SecurityToken securityToken, TokenValidationParameters validationParameters)
   at Microsoft.IdentityModel.JsonWebTokens.JsonWebTokenHandler.ValidateTokenPayloadAsync(JsonWebToken jsonWebToken, TokenValidationParameters validationParameters, BaseConfiguration configuration)
   at Microsoft.IdentityModel.JsonWebTokens.JsonWebTokenHandler.ValidateJWSAsync(JsonWebToken jsonWebToken, TokenValidationParameters validationParameters, BaseConfiguration configuration)
2026-03-18 08:43:00.401 -03:00 [INF] Bearer was not authenticated. Failure message: IDX10223: Lifetime validation failed. The token is expired. ValidTo (UTC): '17/03/2026 07:07:20', Current time (UTC): '18/03/2026 11:43:00'.
2026-03-18 08:43:00.401 -03:00 [INF] Bearer was not authenticated. Failure message: IDX10223: Lifetime validation failed. The token is expired. ValidTo (UTC): '17/03/2026 07:07:20', Current time (UTC): '18/03/2026 11:43:00'.
2026-03-18 08:43:00.416 -03:00 [INF] Authorization failed. These requirements were not met:
DenyAnonymousAuthorizationRequirement: Requires an authenticated user.
2026-03-18 08:43:00.416 -03:00 [INF] Authorization failed. These requirements were not met:
DenyAnonymousAuthorizationRequirement: Requires an authenticated user.
2026-03-18 08:43:00.424 -03:00 [INF] AuthenticationScheme: Bearer was challenged.
2026-03-18 08:43:00.424 -03:00 [INF] AuthenticationScheme: Bearer was challenged.
2026-03-18 08:43:00.430 -03:00 [INF] HTTP GET /api/v1/obras responded 401 in 80.3572 ms
2026-03-18 08:43:00.427 -03:00 [INF] HTTP GET /api/v1/obras/dashboard responded 401 in 86.7090 ms
2026-03-18 08:43:00.439 -03:00 [INF] Request finished HTTP/2 GET https://localhost:54902/api/v1/obras?page=1&pageSize=20 - 401 0 null 112.9866ms
2026-03-18 08:43:00.441 -03:00 [INF] Request finished HTTP/2 GET https://localhost:54902/api/v1/obras/dashboard - 401 0 null 133.8233ms
2026-03-18 08:43:00.444 -03:00 [INF] Request starting HTTP/2 OPTIONS https://localhost:54902/api/v1/auth/refresh - null null
2026-03-18 08:43:00.474 -03:00 [INF] CORS policy execution successful.
2026-03-18 08:43:00.478 -03:00 [INF] HTTP OPTIONS /api/v1/auth/refresh responded 204 in 3.3600 ms
2026-03-18 08:43:00.484 -03:00 [INF] Request finished HTTP/2 OPTIONS https://localhost:54902/api/v1/auth/refresh - 204 null null 41.0932ms
2026-03-18 08:43:00.487 -03:00 [INF] Request starting HTTP/2 POST https://localhost:54902/api/v1/auth/refresh - application/json 107
2026-03-18 08:43:00.509 -03:00 [INF] CORS policy execution successful.
2026-03-18 08:43:00.513 -03:00 [INF] Failed to validate the token.
Microsoft.IdentityModel.Tokens.SecurityTokenExpiredException: IDX10223: Lifetime validation failed. The token is expired. ValidTo (UTC): '17/03/2026 07:07:20', Current time (UTC): '18/03/2026 11:43:00'.
   at Microsoft.IdentityModel.Tokens.ValidatorUtilities.ValidateLifetime(Nullable`1 notBefore, Nullable`1 expires, SecurityToken securityToken, TokenValidationParameters validationParameters)
   at Microsoft.IdentityModel.Tokens.Validators.ValidateLifetime(Nullable`1 notBefore, Nullable`1 expires, SecurityToken securityToken, TokenValidationParameters validationParameters)
   at Microsoft.IdentityModel.JsonWebTokens.JsonWebTokenHandler.ValidateTokenPayloadAsync(JsonWebToken jsonWebToken, TokenValidationParameters validationParameters, BaseConfiguration configuration)
   at Microsoft.IdentityModel.JsonWebTokens.JsonWebTokenHandler.ValidateJWSAsync(JsonWebToken jsonWebToken, TokenValidationParameters validationParameters, BaseConfiguration configuration)
2026-03-18 08:43:00.522 -03:00 [INF] Bearer was not authenticated. Failure message: IDX10223: Lifetime validation failed. The token is expired. ValidTo (UTC): '17/03/2026 07:07:20', Current time (UTC): '18/03/2026 11:43:00'.
2026-03-18 08:43:00.528 -03:00 [INF] Executing endpoint 'Constriva.API.Controllers.AuthController.Refresh (Constriva.API)'
2026-03-18 08:43:00.542 -03:00 [INF] Route matched with {action = "Refresh", controller = "Auth"}. Executing controller action with signature System.Threading.Tasks.Task`1[Microsoft.AspNetCore.Mvc.ActionResult`1[Constriva.Application.Features.Auth.DTOs.AuthResponseDto]] Refresh(Constriva.Application.Features.Auth.Commands.RefreshTokenCommand, System.Threading.CancellationToken) on controller Constriva.API.Controllers.AuthController (Constriva.API).
2026-03-18 08:43:00.599 -03:00 [INF] Handling RefreshTokenCommand
2026-03-18 08:43:00.784 -03:00 [INF] Executed DbCommand (92ms) [Parameters=[@__refreshToken_0='?'], CommandType='"Text"', CommandTimeout='30']
SELECT u."Id", u."Ativo", u."AvatarUrl", u."BloqueadoAte", u."Cargo", u."CreatedAt", u."CreatedBy", u."DeletedAt", u."DeletedBy", u."Email", u."EmailConfirmado", u."EmpresaId", u."Idioma", u."IsAdminEmpresa", u."IsDeleted", u."IsSuperAdmin", u."Nome", u."PasswordHash", u."Perfil", u."RefreshToken", u."RefreshTokenExpiry", u."Telefone", u."TentativasLogin", u."TimeZone", u."TokenConfirmacaoEmail", u."TokenRedefinicaoExpiry", u."TokenRedefinicaoSenha", u."UltimoAcesso", u."UpdatedAt", u."UpdatedBy"
FROM "Usuarios" AS u
WHERE NOT (u."IsDeleted") AND u."RefreshToken" = @__refreshToken_0
LIMIT 1
2026-03-18 08:43:00.859 -03:00 [INF] Executed DbCommand (8ms) [Parameters=[@__usuarioId_0='?' (DbType = Guid)], CommandType='"Text"', CommandTimeout='30']
SELECT u."Id", u."CreatedAt", u."CreatedBy", u."DeletedAt", u."DeletedBy", u."EmpresaId", u."IsDeleted", u."Modulo", u."PodeAdministrar", u."PodeAprovar", u."PodeCriar", u."PodeDeletar", u."PodeEditar", u."PodeExportar", u."PodeVisualizar", u."UpdatedAt", u."UpdatedBy", u."UsuarioId"
FROM "UsuarioPermissoes" AS u
WHERE NOT (u."IsDeleted") AND u."UsuarioId" = @__usuarioId_0
2026-03-18 08:43:00.883 -03:00 [INF] Executed DbCommand (13ms) [Parameters=[@__id_0='?' (DbType = Guid)], CommandType='"Text"', CommandTimeout='30']
SELECT e."Id", e."Bairro", e."Cep", e."Cidade", e."Cnpj", e."Complemento", e."ConfiguracoesJson", e."CreatedAt", e."CreatedBy", e."DataVencimento", e."DeletedAt", e."DeletedBy", e."Email", e."Estado", e."InscricaoEstadual", e."InscricaoMunicipal", e."IsDeleted", e."LogoUrl", e."Logradouro", e."MaxObras", e."MaxStorageMb", e."MaxUsuarios", e."ModuloClientes", e."ModuloCompras", e."ModuloContratos", e."ModuloCronograma", e."ModuloEstoque", e."ModuloFinanceiro", e."ModuloGED", e."ModuloObras", e."ModuloOrcamento", e."ModuloQualidade", e."ModuloRH", e."ModuloRelatorios", e."ModuloSST", e."NomeFantasia", e."Numero", e."Plano", e."PrimeiroAcesso", e."RazaoSocial", e."Site", e."Status", e."Telefone", e."UpdatedAt", e."UpdatedBy"
FROM "Empresas" AS e
WHERE NOT (e."IsDeleted") AND e."Id" = @__id_0
LIMIT 1
2026-03-18 08:43:00.955 -03:00 [INF] Executed DbCommand (18ms) [Parameters=[@p29='?' (DbType = Guid), @p0='?' (DbType = Boolean), @p1='?', @p2='?' (DbType = DateTime), @p3='?', @p4='?' (DbType = DateTime), @p5='?' (DbType = Guid), @p6='?' (DbType = DateTime), @p7='?' (DbType = Guid), @p8='?', @p9='?' (DbType = Boolean), @p10='?' (DbType = Guid), @p11='?', @p12='?' (DbType = Boolean), @p13='?' (DbType = Boolean), @p14='?' (DbType = Boolean), @p15='?', @p16='?', @p17='?' (DbType = Int32), @p18='?', @p19='?' (DbType = DateTime), @p20='?', @p21='?' (DbType = Int32), @p22='?', @p23='?', @p24='?' (DbType = DateTime), @p25='?', @p26='?' (DbType = DateTime), @p27='?' (DbType = DateTime), @p28='?' (DbType = Guid)], CommandType='"Text"', CommandTimeout='30']
UPDATE "Usuarios" SET "Ativo" = @p0, "AvatarUrl" = @p1, "BloqueadoAte" = @p2, "Cargo" = @p3, "CreatedAt" = @p4, "CreatedBy" = @p5, "DeletedAt" = @p6, "DeletedBy" = @p7, "Email" = @p8, "EmailConfirmado" = @p9, "EmpresaId" = @p10, "Idioma" = @p11, "IsAdminEmpresa" = @p12, "IsDeleted" = @p13, "IsSuperAdmin" = @p14, "Nome" = @p15, "PasswordHash" = @p16, "Perfil" = @p17, "RefreshToken" = @p18, "RefreshTokenExpiry" = @p19, "Telefone" = @p20, "TentativasLogin" = @p21, "TimeZone" = @p22, "TokenConfirmacaoEmail" = @p23, "TokenRedefinicaoExpiry" = @p24, "TokenRedefinicaoSenha" = @p25, "UltimoAcesso" = @p26, "UpdatedAt" = @p27, "UpdatedBy" = @p28
WHERE "Id" = @p29;
2026-03-18 08:43:00.969 -03:00 [INF] Executing OkObjectResult, writing value of type 'Constriva.Application.Features.Auth.DTOs.AuthResponseDto'.
2026-03-18 08:43:00.977 -03:00 [INF] Executed action Constriva.API.Controllers.AuthController.Refresh (Constriva.API) in 427.1395ms
2026-03-18 08:43:00.982 -03:00 [INF] Executed endpoint 'Constriva.API.Controllers.AuthController.Refresh (Constriva.API)'
2026-03-18 08:43:00.986 -03:00 [INF] HTTP POST /api/v1/auth/refresh responded 200 in 476.9333 ms
2026-03-18 08:43:00.995 -03:00 [INF] Request finished HTTP/2 POST https://localhost:54902/api/v1/auth/refresh - 200 null application/json; charset=utf-8 507.8702ms
2026-03-18 08:43:00.998 -03:00 [INF] Request starting HTTP/2 GET https://localhost:54902/api/v1/obras/dashboard - null null
2026-03-18 08:43:00.998 -03:00 [INF] Request starting HTTP/2 GET https://localhost:54902/api/v1/obras?page=1&pageSize=20 - null null
2026-03-18 08:43:01.014 -03:00 [INF] CORS policy execution successful.
2026-03-18 08:43:01.027 -03:00 [INF] Executing endpoint 'Constriva.API.Controllers.ObrasController.Dashboard (Constriva.API)'
2026-03-18 08:43:01.023 -03:00 [INF] CORS policy execution successful.
2026-03-18 08:43:01.032 -03:00 [INF] Route matched with {action = "Dashboard", controller = "Obras"}. Executing controller action with signature System.Threading.Tasks.Task`1[Microsoft.AspNetCore.Mvc.ActionResult`1[Constriva.Application.Features.Obras.DTOs.ObrasDashboardDto]] Dashboard(System.Threading.CancellationToken) on controller Constriva.API.Controllers.ObrasController (Constriva.API).
2026-03-18 08:43:01.040 -03:00 [INF] Handling GetObrasDashboardQuery
2026-03-18 08:43:01.033 -03:00 [INF] Executing endpoint 'Constriva.API.Controllers.ObrasController.GetAll (Constriva.API)'
2026-03-18 08:43:01.047 -03:00 [INF] Route matched with {action = "GetAll", controller = "Obras"}. Executing controller action with signature System.Threading.Tasks.Task`1[Microsoft.AspNetCore.Mvc.ActionResult`1[Constriva.Application.Common.Interfaces.PaginatedResult`1[Constriva.Application.Features.Obras.DTOs.ObraResumoDto]]] GetAll(Int32, Int32, System.String, System.Nullable`1[Constriva.Domain.Enums.StatusObraEnum], System.Nullable`1[Constriva.Domain.Enums.TipoObraEnum], System.Threading.CancellationToken) on controller Constriva.API.Controllers.ObrasController (Constriva.API).
2026-03-18 08:43:01.053 -03:00 [INF] Executed DbCommand (4ms) [Parameters=[@__empresaId_0='?' (DbType = Guid)], CommandType='"Text"', CommandTimeout='30']
SELECT o."Id", o."AreaConstruida", o."AreaTotal", o."Bairro", o."Cep", o."Cidade", o."ClienteId", o."Codigo", o."Complemento", o."CreaResponsavel", o."CreatedAt", o."CreatedBy", o."DataFimPrevista", o."DataFimReal", o."DataInicioPrevista", o."DataInicioReal", o."DeletedAt", o."DeletedBy", o."Descricao", o."EmpresaId", o."Estado", o."FotoUrl", o."IsDeleted", o."Latitude", o."Logradouro", o."Longitude", o."Nome", o."NomeCliente", o."Numero", o."NumeroART", o."NumeroAlvara", o."NumeroAndares", o."NumeroRRT", o."NumeroUnidades", o."Observacoes", o."PercentualConcluido", o."ResponsavelTecnico", o."Status", o."Tipo", o."TipoContrato", o."UpdatedAt", o."UpdatedBy", o."ValidadeAlvara", o."ValorContrato", o."ValorOrcado", o."ValorRealizado"
FROM "Obras" AS o
WHERE NOT (o."IsDeleted") AND o."EmpresaId" = @__empresaId_0
2026-03-18 08:43:01.056 -03:00 [INF] Handling GetObrasQuery
2026-03-18 08:43:01.070 -03:00 [INF] Executing OkObjectResult, writing value of type 'Constriva.Application.Features.Obras.DTOs.ObrasDashboardDto'.
2026-03-18 08:43:01.077 -03:00 [INF] Executed action Constriva.API.Controllers.ObrasController.Dashboard (Constriva.API) in 38.6415ms
2026-03-18 08:43:01.076 -03:00 [INF] Executed DbCommand (8ms) [Parameters=[@__empresaId_0='?' (DbType = Guid)], CommandType='"Text"', CommandTimeout='30']
SELECT count(*)::int
FROM "Obras" AS o
WHERE NOT (o."IsDeleted") AND o."EmpresaId" = @__empresaId_0 AND NOT (o."IsDeleted")
2026-03-18 08:43:01.083 -03:00 [INF] Executed endpoint 'Constriva.API.Controllers.ObrasController.Dashboard (Constriva.API)'
2026-03-18 08:43:01.091 -03:00 [INF] HTTP GET /api/v1/obras/dashboard responded 200 in 77.1607 ms
2026-03-18 08:43:01.094 -03:00 [INF] Executed DbCommand (7ms) [Parameters=[@__empresaId_0='?' (DbType = Guid), @__p_2='?' (DbType = Int32), @__p_1='?' (DbType = Int32)], CommandType='"Text"', CommandTimeout='30']
SELECT o."Id", o."AreaConstruida", o."AreaTotal", o."Bairro", o."Cep", o."Cidade", o."ClienteId", o."Codigo", o."Complemento", o."CreaResponsavel", o."CreatedAt", o."CreatedBy", o."DataFimPrevista", o."DataFimReal", o."DataInicioPrevista", o."DataInicioReal", o."DeletedAt", o."DeletedBy", o."Descricao", o."EmpresaId", o."Estado", o."FotoUrl", o."IsDeleted", o."Latitude", o."Logradouro", o."Longitude", o."Nome", o."NomeCliente", o."Numero", o."NumeroART", o."NumeroAlvara", o."NumeroAndares", o."NumeroRRT", o."NumeroUnidades", o."Observacoes", o."PercentualConcluido", o."ResponsavelTecnico", o."Status", o."Tipo", o."TipoContrato", o."UpdatedAt", o."UpdatedBy", o."ValidadeAlvara", o."ValorContrato", o."ValorOrcado", o."ValorRealizado"
FROM "Obras" AS o
WHERE NOT (o."IsDeleted") AND o."EmpresaId" = @__empresaId_0 AND NOT (o."IsDeleted")
ORDER BY o."CreatedAt" DESC
LIMIT @__p_2 OFFSET @__p_1
2026-03-18 08:43:01.105 -03:00 [INF] Executing OkObjectResult, writing value of type 'Constriva.Application.Common.Interfaces.PaginatedResult`1[[Constriva.Application.Features.Obras.DTOs.ObraResumoDto, Constriva.Application, Version=1.0.0.0, Culture=neutral, PublicKeyToken=null]]'.
2026-03-18 08:43:01.097 -03:00 [INF] Request finished HTTP/2 GET https://localhost:54902/api/v1/obras/dashboard - 200 null application/json; charset=utf-8 100.4461ms
2026-03-18 08:43:01.115 -03:00 [INF] Executed action Constriva.API.Controllers.ObrasController.GetAll (Constriva.API) in 60.3099ms
2026-03-18 08:43:01.124 -03:00 [INF] Executed endpoint 'Constriva.API.Controllers.ObrasController.GetAll (Constriva.API)'
2026-03-18 08:43:01.129 -03:00 [INF] HTTP GET /api/v1/obras responded 200 in 106.3187 ms
2026-03-18 08:43:01.136 -03:00 [INF] Request finished HTTP/2 GET https://localhost:54902/api/v1/obras?page=1&pageSize=20 - 200 null application/json; charset=utf-8 138.0603ms
